Flow report for FrequencyCounter
Wed May 10 15:58:12 2017
Quartus II 64-Bit Version 13.0.0 Build 156 04/24/2013 SJ Full Version


---------------------
; Table of Contents ;
---------------------
  1. Legal Notice
  2. Flow Summary
  3. Flow Settings
  4. Flow Non-Default Global Settings
  5. Flow Elapsed Time
  6. Flow OS Summary
  7. Flow Log
  8. Flow Messages
  9. Flow Suppressed Messages



----------------
; Legal Notice ;
----------------
Copyright (C) 1991-2013 Altera Corporation
Your use of Altera Corporation's design tools, logic functions 
and other software and tools, and its AMPP partner logic 
functions, and any output files from any of the foregoing 
(including device programming or simulation files), and any 
associated documentation or information are expressly subject 
to the terms and conditions of the Altera Program License 
Subscription Agreement, Altera MegaCore Function License 
Agreement, or other applicable license agreement, including, 
without limitation, that your use is for the sole purpose of 
programming logic devices manufactured by Altera and sold by 
Altera or its authorized distributors.  Please refer to the 
applicable agreement for further details.



+----------------------------------------------------------------------------------+
; Flow Summary                                                                     ;
+------------------------------------+---------------------------------------------+
; Flow Status                        ; Successful - Wed May 10 15:58:12 2017       ;
; Quartus II 64-Bit Version          ; 13.0.0 Build 156 04/24/2013 SJ Full Version ;
; Revision Name                      ; FrequencyCounter                            ;
; Top-level Entity Name              ; Block                                       ;
; Family                             ; Cyclone II                                  ;
; Device                             ; EP2C5Q208C8                                 ;
; Timing Models                      ; Final                                       ;
; Total logic elements               ; 121 / 4,608 ( 3 % )                         ;
;     Total combinational functions  ; 107 / 4,608 ( 2 % )                         ;
;     Dedicated logic registers      ; 73 / 4,608 ( 2 % )                          ;
; Total registers                    ; 73                                          ;
; Total pins                         ; 12 / 142 ( 8 % )                            ;
; Total virtual pins                 ; 0                                           ;
; Total memory bits                  ; 0 / 119,808 ( 0 % )                         ;
; Embedded Multiplier 9-bit elements ; 0 / 26 ( 0 % )                              ;
; Total PLLs                         ; 0 / 2 ( 0 % )                               ;
+------------------------------------+---------------------------------------------+


+-----------------------------------------+
; Flow Settings                           ;
+-------------------+---------------------+
; Option            ; Setting             ;
+-------------------+---------------------+
; Start date & time ; 05/10/2017 15:58:01 ;
; Main task         ; Compilation         ;
; Revision Name     ; FrequencyCounter    ;
+-------------------+---------------------+


+-------------------------------------------------------------------------------------------------------------------------+
; Flow Non-Default Global Settings                                                                                        ;
+-------------------------------------+---------------------------------+------------------+-------------+----------------+
; Assignment Name                     ; Value                           ; Default Value    ; Entity Name ; Section Id     ;
+-------------------------------------+---------------------------------+------------------+-------------+----------------+
; COMPILER_SIGNATURE_ID               ; 115410752052808.149440308109720 ; --               ; --          ; --             ;
; EDA_OUTPUT_DATA_FORMAT              ; Vhdl                            ; --               ; --          ; eda_simulation ;
; EDA_SIMULATION_TOOL                 ; ModelSim-Altera (VHDL)          ; <None>           ; --          ; --             ;
; MAX_CORE_JUNCTION_TEMP              ; 85                              ; --               ; --          ; --             ;
; MIN_CORE_JUNCTION_TEMP              ; 0                               ; --               ; --          ; --             ;
; PARTITION_COLOR                     ; 16764057                        ; --               ; Block       ; Top            ;
; PARTITION_FITTER_PRESERVATION_LEVEL ; PLACEMENT_AND_ROUTING           ; --               ; Block       ; Top            ;
; PARTITION_NETLIST_TYPE              ; SOURCE                          ; --               ; Block       ; Top            ;
; PROJECT_OUTPUT_DIRECTORY            ; output_files                    ; --               ; --          ; --             ;
; TOP_LEVEL_ENTITY                    ; Block                           ; FrequencyCounter ; --          ; --             ;
+-------------------------------------+---------------------------------+------------------+-------------+----------------+


+-------------------------------------------------------------------------------------------------------------------------------+
; Flow Elapsed Time                                                                                                             ;
+---------------------------+--------------+-------------------------+---------------------+------------------------------------+
; Module Name               ; Elapsed Time ; Average Processors Used ; Peak Virtual Memory ; Total CPU Time (on all processors) ;
+---------------------------+--------------+-------------------------+---------------------+------------------------------------+
; Analysis & Synthesis      ; 00:00:01     ; 1.0                     ; 477 MB              ; 00:00:01                           ;
; Fitter                    ; 00:00:04     ; 1.3                     ; 901 MB              ; 00:00:04                           ;
; Assembler                 ; 00:00:01     ; 1.0                     ; 450 MB              ; 00:00:01                           ;
; TimeQuest Timing Analyzer ; 00:00:01     ; 1.0                     ; 452 MB              ; 00:00:01                           ;
; EDA Netlist Writer        ; 00:00:00     ; 1.0                     ; 404 MB              ; 00:00:00                           ;
; Total                     ; 00:00:07     ; --                      ; --                  ; 00:00:07                           ;
+---------------------------+--------------+-------------------------+---------------------+------------------------------------+


+----------------------------------------------------------------------------------------+
; Flow OS Summary                                                                        ;
+---------------------------+------------------+-----------+------------+----------------+
; Module Name               ; Machine Hostname ; OS Name   ; OS Version ; Processor type ;
+---------------------------+------------------+-----------+------------+----------------+
; Analysis & Synthesis      ; DESKTOP-VBEV0VO  ; Windows 7 ; 6.2        ; x86_64         ;
; Fitter                    ; DESKTOP-VBEV0VO  ; Windows 7 ; 6.2        ; x86_64         ;
; Assembler                 ; DESKTOP-VBEV0VO  ; Windows 7 ; 6.2        ; x86_64         ;
; TimeQuest Timing Analyzer ; DESKTOP-VBEV0VO  ; Windows 7 ; 6.2        ; x86_64         ;
; EDA Netlist Writer        ; DESKTOP-VBEV0VO  ; Windows 7 ; 6.2        ; x86_64         ;
+---------------------------+------------------+-----------+------------+----------------+


------------
; Flow Log ;
------------
quartus_map --read_settings_files=on --write_settings_files=off FrequencyCounter -c FrequencyCounter
quartus_fit --read_settings_files=off --write_settings_files=off FrequencyCounter -c FrequencyCounter
quartus_asm --read_settings_files=off --write_settings_files=off FrequencyCounter -c FrequencyCounter
quartus_sta FrequencyCounter -c FrequencyCounter
quartus_eda --read_settings_files=off --write_settings_files=off FrequencyCounter -c FrequencyCounter



